# JRE version: OpenJDK Runtime Environment (11.0.12+7) (build 11.0.12+7-b1504.28-7817840)
# Java VM: OpenJDK 64-Bit Server VM (11.0.12+7-b1504.28-7817840, mixed mode, tiered, compressed oops, g1 gc, windows-amd64)
Heap:
 garbage-first heap   total 348160K, used 343465K [0x0000000080000000, 0x0000000100000000)
  region size 1024K, 92 young (94208K), 8 survivors (8192K)
 Metaspace       used 117207K, capacity 120727K, committed 121104K, reserved 1155072K
  class space    used 14946K, capacity 16274K, committed 16352K, reserved 1048576K
GC Heap History (20 events):
Event: 26.563 GC heap before
{Heap before GC invocations=22 (full 0):
 garbage-first heap   total 284672K, used 125865K [0x0000000080000000, 0x0000000100000000)
  region size 1024K, 25 young (25600K), 8 survivors (8192K)
 Metaspace       used 98090K, capacity 100905K, committed 101036K, reserved 1136640K
  class space    used 12666K, capacity 13699K, committed 13792K, reserved 1048576K
}
Event: 26.579 GC heap after
{Heap after GC invocations=23 (full 0):
 garbage-first heap   total 284672K, used 109285K [0x0000000080000000, 0x0000000100000000)
  region size 1024K, 8 young (8192K), 8 survivors (8192K)
 Metaspace       used 98090K, capacity 100905K, committed 101036K, reserved 1136640K
  class space    used 12666K, capacity 13699K, committed 13792K, reserved 1048576K
}
Event: 28.679 GC heap before
{Heap before GC invocations=24 (full 0):
 garbage-first heap   total 284672K, used 202469K [0x0000000080000000, 0x0000000100000000)
  region size 1024K, 100 young (102400K), 8 survivors (8192K)
 Metaspace       used 109424K, capacity 112853K, committed 113040K, reserved 1146880K
  class space    used 14423K, capacity 15697K, committed 15712K, reserved 1048576K
}
Event: 28.698 GC heap after
{Heap after GC invocations=25 (full 0):
 garbage-first heap   total 284672K, used 112581K [0x0000000080000000, 0x0000000100000000)
  region size 1024K, 5 young (5120K), 5 survivors (5120K)
 Metaspace       used 109424K, capacity 112853K, committed 113040K, reserved 1146880K
  class space    used 14423K, capacity 15697K, committed 15712K, reserved 1048576K
}
Event: 29.443 GC heap before
{Heap before GC invocations=26 (full 0):
 garbage-first heap   total 284672K, used 168901K [0x0000000080000000, 0x0000000100000000)
  region size 1024K, 42 young (43008K), 5 survivors (5120K)
 Metaspace       used 111889K, capacity 115352K, committed 115472K, reserved 1148928K
  class space    used 14725K, capacity 16025K, committed 16096K, reserved 1048576K
}
Event: 29.457 GC heap after
{Heap after GC invocations=27 (full 0):
 garbage-first heap   total 284672K, used 121321K [0x0000000080000000, 0x0000000100000000)
  region size 1024K, 7 young (7168K), 7 survivors (7168K)
 Metaspace       used 111889K, capacity 115352K, committed 115472K, reserved 1148928K
  class space    used 14725K, capacity 16025K, committed 16096K, reserved 1048576K
}
Event: 1055.347 GC heap before
{Heap before GC invocations=28 (full 0):
 garbage-first heap   total 284672K, used 252393K [0x0000000080000000, 0x0000000100000000)
  region size 1024K, 99 young (101376K), 7 survivors (7168K)
 Metaspace       used 113556K, capacity 117106K, committed 117136K, reserved 1150976K
  class space    used 14851K, capacity 16195K, committed 16224K, reserved 1048576K
}
Event: 1055.367 GC heap after
{Heap after GC invocations=29 (full 0):
 garbage-first heap   total 284672K, used 115133K [0x0000000080000000, 0x0000000100000000)
  region size 1024K, 13 young (13312K), 13 survivors (13312K)
 Metaspace       used 113556K, capacity 117106K, committed 117136K, reserved 1150976K
  class space    used 14851K, capacity 16195K, committed 16224K, reserved 1048576K
}
Event: 1058.311 GC heap before
{Heap before GC invocations=29 (full 0):
 garbage-first heap   total 284672K, used 217533K [0x0000000080000000, 0x0000000100000000)
  region size 1024K, 111 young (113664K), 13 survivors (13312K)
 Metaspace       used 114797K, capacity 118311K, committed 118544K, reserved 1150976K
  class space    used 14917K, capacity 16271K, committed 16352K, reserved 1048576K
}
Event: 1058.331 GC heap after
{Heap after GC invocations=30 (full 0):
 garbage-first heap   total 284672K, used 120309K [0x0000000080000000, 0x0000000100000000)
  region size 1024K, 11 young (11264K), 11 survivors (11264K)
 Metaspace       used 114797K, capacity 118311K, committed 118544K, reserved 1150976K
  class space    used 14917K, capacity 16271K, committed 16352K, reserved 1048576K
}
Event: 1059.518 GC heap before
{Heap before GC invocations=30 (full 0):
 garbage-first heap   total 284672K, used 158197K [0x0000000080000000, 0x0000000100000000)
  region size 1024K, 32 young (32768K), 11 survivors (11264K)
 Metaspace       used 115541K, capacity 119124K, committed 119312K, reserved 1153024K
  class space    used 14935K, capacity 16287K, committed 16352K, reserved 1048576K
}
Event: 1059.534 GC heap after
{Heap after GC invocations=31 (full 0):
 garbage-first heap   total 284672K, used 124284K [0x0000000080000000, 0x0000000100000000)
  region size 1024K, 3 young (3072K), 3 survivors (3072K)
 Metaspace       used 115541K, capacity 119124K, committed 119312K, reserved 1153024K
  class space    used 14935K, capacity 16287K, committed 16352K, reserved 1048576K
}
Event: 1262.026 GC heap before
{Heap before GC invocations=32 (full 0):
 garbage-first heap   total 284672K, used 272764K [0x0000000080000000, 0x0000000100000000)
  region size 1024K, 104 young (106496K), 3 survivors (3072K)
 Metaspace       used 115938K, capacity 119376K, committed 119824K, reserved 1153024K
  class space    used 14888K, capacity 16205K, committed 16352K, reserved 1048576K
}
Event: 1262.034 GC heap after
{Heap after GC invocations=33 (full 0):
 garbage-first heap   total 284672K, used 118603K [0x0000000080000000, 0x0000000100000000)
  region size 1024K, 4 young (4096K), 4 survivors (4096K)
 Metaspace       used 115938K, capacity 119376K, committed 119824K, reserved 1153024K
  class space    used 14888K, capacity 16205K, committed 16352K, reserved 1048576K
}
Event: 1262.171 GC heap before
{Heap before GC invocations=33 (full 0):
 garbage-first heap   total 284672K, used 126795K [0x0000000080000000, 0x0000000100000000)
  region size 1024K, 13 young (13312K), 4 survivors (4096K)
 Metaspace       used 115963K, capacity 119391K, committed 119824K, reserved 1153024K
  class space    used 14889K, capacity 16207K, committed 16352K, reserved 1048576K
}
Event: 1262.183 GC heap after
{Heap after GC invocations=34 (full 0):
 garbage-first heap   total 284672K, used 115325K [0x0000000080000000, 0x0000000100000000)
  region size 1024K, 2 young (2048K), 2 survivors (2048K)
 Metaspace       used 115963K, capacity 119391K, committed 119824K, reserved 1153024K
  class space    used 14889K, capacity 16207K, committed 16352K, reserved 1048576K
}
Event: 1266.534 GC heap before
{Heap before GC invocations=34 (full 0):
 garbage-first heap   total 284672K, used 227965K [0x0000000080000000, 0x0000000100000000)
  region size 1024K, 111 young (113664K), 2 survivors (2048K)
 Metaspace       used 117073K, capacity 120661K, committed 120848K, reserved 1155072K
  class space    used 14974K, capacity 16317K, committed 16352K, reserved 1048576K
}
Event: 1266.546 GC heap after
{Heap after GC invocations=35 (full 0):
 garbage-first heap   total 284672K, used 123410K [0x0000000080000000, 0x0000000100000000)
  region size 1024K, 8 young (8192K), 8 survivors (8192K)
 Metaspace       used 117073K, capacity 120661K, committed 120848K, reserved 1155072K
  class space    used 14974K, capacity 16317K, committed 16352K, reserved 1048576K
}
Event: 1267.857 GC heap before
{Heap before GC invocations=35 (full 0):
 garbage-first heap   total 284672K, used 166418K [0x0000000080000000, 0x0000000100000000)
  region size 1024K, 40 young (40960K), 8 survivors (8192K)
 Metaspace       used 117300K, capacity 120843K, committed 121104K, reserved 1155072K
  class space    used 14980K, capacity 16327K, committed 16352K, reserved 1048576K
}
Event: 1267.889 GC heap after
{Heap after GC invocations=36 (full 0):
 garbage-first heap   total 284672K, used 130473K [0x0000000080000000, 0x0000000100000000)
  region size 1024K, 8 young (8192K), 8 survivors (8192K)
 Metaspace       used 117300K, capacity 120843K, committed 121104K, reserved 1155072K
  class space    used 14980K, capacity 16327K, committed 16352K, reserved 1048576K
}

